<?xml version="1.0" encoding="UTF-8"?>
<!-- Generated by org.testng.reporters.JUnitXMLReporter -->
<testsuite ignored="4" hostname="HASEEF" failures="0" tests="1" name="Default test" time="16.053" errors="0" timestamp="2021-10-21T12:55:45 IST">
  <testcase classname="com.bounceadmin.testscript.LogIn" name="validLoginAsBounceAdmin" time="15.174"/>
  <testcase classname="com.bounceadmin.testscript.LogIn" name="invalidEmail" time="0.0">
    <ignored/>
  </testcase> <!-- invalidEmail -->
  <testcase classname="com.bounceadmin.testscript.LogIn" name="invalidCredentials" time="0.0">
    <ignored/>
  </testcase> <!-- invalidCredentials -->
  <testcase classname="com.bounceadmin.testscript.LogIn" name="noCredentials" time="0.0">
    <ignored/>
  </testcase> <!-- noCredentials -->
  <testcase classname="com.bounceadmin.testscript.LogIn" name="validLoginAsDarisniSuperAdmin" time="0.0">
    <ignored/>
  </testcase> <!-- validLoginAsDarisniSuperAdmin -->
</testsuite> <!-- Default test -->
