<?xml version="1.0" encoding="UTF-8"?>
<!-- Generated by org.testng.reporters.JUnitXMLReporter -->
<testsuite ignored="0" hostname="HASEEF" failures="0" tests="2" name="Actiity Report Test" time="106.719" errors="0" timestamp="2021-09-15T10:39:26 IST">
  <testcase classname="com.bounceadmin.testscript.ActivityReport" name="filterReportByCountry" time="41.0"/>
  <testcase classname="com.bounceadmin.testscript.ActivityReport" name="filterReportByNurseryName" time="2.398"/>
</testsuite> <!-- Actiity Report Test -->
