<?xml version="1.0" encoding="UTF-8"?>
<!-- Generated by org.testng.reporters.JUnitXMLReporter -->
<testsuite ignored="0" hostname="HASEEF" failures="0" tests="9" name="active students" time="98.112" errors="0" timestamp="2021-09-15T10:41:31 IST">
  <testcase classname="com.bounceadmin.testscript.ActiveStudents" name="filterByCountry" time="16.676"/>
  <testcase classname="com.bounceadmin.testscript.ActiveStudents" name="filterByNurseryName" time="7.689"/>
  <testcase classname="com.bounceadmin.testscript.ActiveStudents" name="filterByCountryNursery" time="11.861"/>
  <testcase classname="com.bounceadmin.testscript.ActiveStudents" name="filterByCountryNurseryFromDate" time="8.683"/>
  <testcase classname="com.bounceadmin.testscript.ActiveStudents" name="filterByCountryNurseryToDate" time="13.733"/>
  <testcase classname="com.bounceadmin.testscript.ActiveStudents" name="filterByCountryFromAndToDate" time="11.662"/>
  <testcase classname="com.bounceadmin.testscript.ActiveStudents" name="filterByNurseryFromAndToDate" time="8.333"/>
  <testcase classname="com.bounceadmin.testscript.ActiveStudents" name="filterByCountryNurserySameDate" time="5.07"/>
  <testcase classname="com.bounceadmin.testscript.ActiveStudents" name="filterByCountryNurseryFromAndToDate" time="9.126"/>
</testsuite> <!-- active students -->
