<?xml version="1.0" encoding="UTF-8"?>
<!-- Generated by org.testng.reporters.JUnitXMLReporter -->
<testsuite ignored="0" hostname="HASEEF" failures="0" tests="8" name="Add Staff Test" time="74.691" errors="0" timestamp="2021-09-15T10:35:05 IST">
  <testcase classname="com.bounceadmin.testscript.AddStaff" name="verifyMandatoryMsg" time="4.899"/>
  <testcase classname="com.bounceadmin.testscript.AddStaff" name="addStaffAsCustomerSupportAgent" time="9.631"/>
  <testcase classname="com.bounceadmin.testscript.AddStaff" name="addStaffAsSample" time="8.864"/>
  <testcase classname="com.bounceadmin.testscript.AddStaff" name="addStaffAsInsAdmin" time="9.416"/>
  <testcase classname="com.bounceadmin.testscript.AddStaff" name="addStaffAsNewrole" time="8.794"/>
  <testcase classname="com.bounceadmin.testscript.AddStaff" name="addStaffAsActiveStudentReportOnly" time="9.443"/>
  <testcase classname="com.bounceadmin.testscript.AddStaff" name="addStaffAstestRole" time="8.829"/>
  <testcase classname="com.bounceadmin.testscript.AddStaff" name="addStaffWithAllRoles" time="9.354"/>
</testsuite> <!-- Add Staff Test -->
