<?xml version="1.0" encoding="UTF-8"?>
<!-- Generated by org.testng.reporters.JUnitXMLReporter -->
<testsuite ignored="0" hostname="HASEEF" failures="0" tests="9" name="Add Nursery Test" time="175.382" errors="0" timestamp="2021-09-15T10:24:20 IST">
  <testcase classname="com.bounceadmin.testscript.AddNursery" name="verifyMandatoryMsgVisibleWithoutOnlinePayment" time="5.577"/>
  <testcase classname="com.bounceadmin.testscript.AddNursery" name="verifyMandatoryMsgVisibleWithOnlinePayment" time="4.476"/>
  <testcase classname="com.bounceadmin.testscript.AddNursery" name="verifyMandatoryMsgVisibleForOwner" time="1.586"/>
  <testcase classname="com.bounceadmin.testscript.AddNursery" name="verifyAddNurserywithMnadatoryOnly" time="23.515"/>
  <testcase classname="com.bounceadmin.testscript.AddNursery" name="verifyAddNurserywithAllFieldsWithOutOnlinePayment" time="34.422"/>
  <testcase classname="com.bounceadmin.testscript.AddNursery" name="AddNurseryWithOnlinePayment" time="27.337"/>
  <testcase classname="com.bounceadmin.testscript.AddNursery" name="verifyAddNurserywithAllFieldsWithOnlinePayment" time="41.175"/>
  <testcase classname="com.bounceadmin.testscript.AddNursery" name="listandViewNurseryDetails" time="13.227"/>
  <testcase classname="com.bounceadmin.testscript.AddNursery" name="editNursery" time="18.826"/>
</testsuite> <!-- Add Nursery Test -->
