<?xml version="1.0" encoding="UTF-8"?>
<!-- Generated by org.testng.reporters.JUnitXMLReporter -->
<testsuite ignored="0" hostname="HASEEF" failures="0" tests="3" name="Dashboard" time="50.992" errors="0" timestamp="2021-09-15T10:21:25 IST">
  <testcase classname="com.bounceadmin.testscript.Dashboard" name="verifyDashboardData" time="2.992"/>
  <testcase classname="com.bounceadmin.testscript.Dashboard" name="switchToDarisniSuperAdmin" time="11.009"/>
  <testcase classname="com.bounceadmin.testscript.Dashboard" name="switchToBounceAdmin" time="17.219"/>
</testsuite> <!-- Dashboard -->
