<?xml version="1.0" encoding="UTF-8"?>
<!-- Generated by org.testng.reporters.JUnitXMLReporter -->
<testsuite ignored="0" hostname="HASEEF" failures="0" tests="25" name="List Payment Transaction Test" time="569.675" errors="0" timestamp="2021-09-15T10:33:50 IST">
  <testcase classname="com.bounceadmin.testscript.PaymentTransactionsList" name="filterByDate" time="8.47"/>
  <testcase classname="com.bounceadmin.testscript.PaymentTransactionsList" name="filterByFromDate" time="90.37"/>
  <testcase classname="com.bounceadmin.testscript.PaymentTransactionsList" name="filterByToDate" time="95.38"/>
  <testcase classname="com.bounceadmin.testscript.PaymentTransactionsList" name="filterByFromDateAndToDate" time="5.103"/>
  <testcase classname="com.bounceadmin.testscript.PaymentTransactionsList" name="filterByPayMode" time="83.263"/>
  <testcase classname="com.bounceadmin.testscript.PaymentTransactionsList" name="filterByPaymentGateway" time="26.945"/>
  <testcase classname="com.bounceadmin.testscript.PaymentTransactionsList" name="filterByPaymentMethod" time="18.011"/>
  <testcase classname="com.bounceadmin.testscript.PaymentTransactionsList" name="filterByNurseryName" time="3.896"/>
  <testcase classname="com.bounceadmin.testscript.PaymentTransactionsList" name="filterByTransactionStatus" time="75.081"/>
  <testcase classname="com.bounceadmin.testscript.PaymentTransactionsList" name="filterByDepositeStatus" time="12.778"/>
  <testcase classname="com.bounceadmin.testscript.PaymentTransactionsList" name="filterByPaymentGatewayRefId" time="3.665"/>
  <testcase classname="com.bounceadmin.testscript.PaymentTransactionsList" name="filterByPayModeGatewayMethod" time="20.181"/>
  <testcase classname="com.bounceadmin.testscript.PaymentTransactionsList" name="filterByPayModeGatewayMethodTransactionStatus" time="18.029"/>
  <testcase classname="com.bounceadmin.testscript.PaymentTransactionsList" name="filterByPayModeGatewayMethodTransactionStatDepoStat" time="7.657"/>
  <testcase classname="com.bounceadmin.testscript.PaymentTransactionsList" name="verifyPrintClickPrint" time="3.396"/>
  <testcase classname="com.bounceadmin.testscript.PaymentTransactionsList" name="verifyPrintClickCancel" time="2.86"/>
  <testcase classname="com.bounceadmin.testscript.PaymentTransactionsList" name="verifySortForCustomerRefId" time="8.341"/>
  <testcase classname="com.bounceadmin.testscript.PaymentTransactionsList" name="verifySortForBounceId" time="8.784"/>
  <testcase classname="com.bounceadmin.testscript.PaymentTransactionsList" name="verifySortForNurseryName" time="8.758"/>
  <testcase classname="com.bounceadmin.testscript.PaymentTransactionsList" name="verifySortForPayDate" time="8.443"/>
  <testcase classname="com.bounceadmin.testscript.PaymentTransactionsList" name="verifySortForAmount" time="8.516"/>
  <testcase classname="com.bounceadmin.testscript.PaymentTransactionsList" name="verifySortForPayGateway" time="10.645"/>
  <testcase classname="com.bounceadmin.testscript.PaymentTransactionsList" name="verifySortForPayMethod" time="10.675"/>
  <testcase classname="com.bounceadmin.testscript.PaymentTransactionsList" name="verifySortForPayMode" time="10.749"/>
  <testcase classname="com.bounceadmin.testscript.PaymentTransactionsList" name="verifySortForGatewayRefId" time="10.66"/>
</testsuite> <!-- List Payment Transaction Test -->
