<?xml version="1.0" encoding="UTF-8"?>
<!-- Generated by org.testng.reporters.JUnitXMLReporter -->
<testsuite ignored="0" hostname="HASEEF" failures="0" tests="22" name="List Staff Test" time="154.44" errors="0" timestamp="2021-09-15T10:37:39 IST">
  <testcase classname="com.bounceadmin.testscript.StaffList" name="listAndViewStaffDetails" time="8.549"/>
  <testcase classname="com.bounceadmin.testscript.StaffList" name="deactivateStaff" time="7.645"/>
  <testcase classname="com.bounceadmin.testscript.StaffList" name="activateStaff" time="7.666"/>
  <testcase classname="com.bounceadmin.testscript.StaffList" name="verifyMultiRolesForSingleName" time="4.678"/>
  <testcase classname="com.bounceadmin.testscript.StaffList" name="filterStaffByName" time="3.435"/>
  <testcase classname="com.bounceadmin.testscript.StaffList" name="filterStaffByEmail" time="3.447"/>
  <testcase classname="com.bounceadmin.testscript.StaffList" name="filterStaffByStatus" time="30.291"/>
  <testcase classname="com.bounceadmin.testscript.StaffList" name="filterStaffByRole" time="10.092"/>
  <testcase classname="com.bounceadmin.testscript.StaffList" name="filterStaffByNameAndEmail" time="3.572"/>
  <testcase classname="com.bounceadmin.testscript.StaffList" name="filterStaffByNameAndStatus" time="3.323"/>
  <testcase classname="com.bounceadmin.testscript.StaffList" name="filterStaffByNameAndRole" time="3.823"/>
  <testcase classname="com.bounceadmin.testscript.StaffList" name="filterStaffByEmailAndStatus" time="3.49"/>
  <testcase classname="com.bounceadmin.testscript.StaffList" name="filterStaffByEmailAndRole" time="4.074"/>
  <testcase classname="com.bounceadmin.testscript.StaffList" name="filterStaffByStatusAndRole" time="8.542"/>
  <testcase classname="com.bounceadmin.testscript.StaffList" name="filterStaffByNameEmailAndRole" time="3.99"/>
  <testcase classname="com.bounceadmin.testscript.StaffList" name="filterStaffByNameEmailAndStatus" time="3.47"/>
  <testcase classname="com.bounceadmin.testscript.StaffList" name="filterStaffByEmailStatusAndRole" time="3.782"/>
  <testcase classname="com.bounceadmin.testscript.StaffList" name="filterStaffByNameStatusAndRole" time="3.59"/>
  <testcase classname="com.bounceadmin.testscript.StaffList" name="filterStaff" time="3.862"/>
  <testcase classname="com.bounceadmin.testscript.StaffList" name="verifySortForEmail" time="8.643"/>
  <testcase classname="com.bounceadmin.testscript.StaffList" name="verifySortForName" time="8.509"/>
  <testcase classname="com.bounceadmin.testscript.StaffList" name="verifySortForStatus" time="8.61"/>
</testsuite> <!-- List Staff Test -->
