<?xml version="1.0" encoding="UTF-8"?>
<!-- Generated by org.testng.reporters.JUnitXMLReporter -->
<testsuite ignored="0" hostname="HASEEF" failures="0" tests="5" name="Login Test" time="40.86" errors="0" timestamp="2021-09-15T10:20:33 IST">
  <testcase classname="com.bounceadmin.testscript.LogIn" name="invalidEmail" time="2.287"/>
  <testcase classname="com.bounceadmin.testscript.LogIn" name="invalidCredentials" time="2.622"/>
  <testcase classname="com.bounceadmin.testscript.LogIn" name="noCredentials" time="1.94"/>
  <testcase classname="com.bounceadmin.testscript.LogIn" name="validLoginAsBounceAdmin" time="17.924"/>
  <testcase classname="com.bounceadmin.testscript.LogIn" name="validLoginAsDarisniSuperAdmin" time="14.569"/>
</testsuite> <!-- Login Test -->
