<?xml version="1.0" encoding="UTF-8"?>
<!-- Generated by org.testng.reporters.JUnitXMLReporter -->
<testsuite ignored="0" hostname="HASEEF" failures="0" tests="2" name="Lvc Report Test" time="13.792" errors="0" timestamp="2021-09-15T10:39:40 IST">
  <testcase classname="com.bounceadmin.testscript.LvcReport" name="filterReportByCountry" time="7.853"/>
  <testcase classname="com.bounceadmin.testscript.LvcReport" name="filterReportByNurseryName" time="1.891"/>
</testsuite> <!-- Lvc Report Test -->
