<?xml version="1.0" encoding="UTF-8"?>
<!-- Generated by org.testng.reporters.JUnitXMLReporter -->
<testsuite ignored="0" hostname="HASEEF" failures="0" tests="4" name="OTP List Test" time="31.423" errors="0" timestamp="2021-09-15T10:43:37 IST">
  <testcase classname="com.bounceadmin.testscript.OTPList" name="verifyHeadersAndfilterByStatus" time="6.976"/>
  <testcase classname="com.bounceadmin.testscript.OTPList" name="filterByPhoneCode" time="3.411"/>
  <testcase classname="com.bounceadmin.testscript.OTPList" name="verifySortForPhoneNumber" time="8.093"/>
  <testcase classname="com.bounceadmin.testscript.OTPList" name="verifySortForCreatedDate" time="7.728"/>
</testsuite> <!-- OTP List Test -->
