<?xml version="1.0" encoding="UTF-8"?>
<!-- Generated by org.testng.reporters.JUnitXMLReporter -->
<testsuite ignored="0" hostname="HASEEF" failures="0" tests="2" name="Resource Detail Report Test" time="12.287" errors="0" timestamp="2021-09-15T10:39:53 IST">
  <testcase classname="com.bounceadmin.testscript.ResourceDetailReport" name="filterReportByNurseryName" time="6.423"/>
  <testcase classname="com.bounceadmin.testscript.ResourceDetailReport" name="filterReportByCountry" time="1.792"/>
</testsuite> <!-- Resource Detail Report Test -->
