<?xml version="1.0" encoding="UTF-8"?>
<!-- Generated by org.testng.reporters.JUnitXMLReporter -->
<testsuite ignored="0" hostname="HASEEF" failures="0" tests="5" name="sales and collection" time="32.656" errors="0" timestamp="2021-09-15T10:42:56 IST">
  <testcase classname="com.bounceadmin.testscript.SalesAndCollectionReport" name="filterByCountry" time="8.871"/>
  <testcase classname="com.bounceadmin.testscript.SalesAndCollectionReport" name="filterByNursery" time="4.103"/>
  <testcase classname="com.bounceadmin.testscript.SalesAndCollectionReport" name="filterByCountryNursery" time="4.031"/>
  <testcase classname="com.bounceadmin.testscript.SalesAndCollectionReport" name="verifyPrintClickPrint" time="5.453"/>
  <testcase classname="com.bounceadmin.testscript.SalesAndCollectionReport" name="verifyPrintClickCancel" time="5.1"/>
</testsuite> <!-- sales and collection -->
