<?xml version="1.0" encoding="UTF-8"?>
<!-- Generated by org.testng.reporters.JUnitXMLReporter -->
<testsuite ignored="0" hostname="HASEEF" failures="0" tests="5" name="sales commission" time="52.333" errors="0" timestamp="2021-09-15T10:42:23 IST">
  <testcase classname="com.bounceadmin.testscript.SalesCommissionReport" name="filterByCountry" time="26.825"/>
  <testcase classname="com.bounceadmin.testscript.SalesCommissionReport" name="filterByNursery" time="3.569"/>
  <testcase classname="com.bounceadmin.testscript.SalesCommissionReport" name="filterByCountryNursery" time="3.706"/>
  <testcase classname="com.bounceadmin.testscript.SalesCommissionReport" name="verifyPrintClickPrint" time="6.8"/>
  <testcase classname="com.bounceadmin.testscript.SalesCommissionReport" name="verifyPrintClickCancel" time="5.555"/>
</testsuite> <!-- sales commission -->
