<?xml version="1.0" encoding="UTF-8"?>
<testng-results ignored="4" total="5" passed="1" failed="0" skipped="0">
  <reporter-output>
  </reporter-output>
  <suite started-at="2021-10-21T12:55:29 IST" name="Default suite" finished-at="2021-10-21T12:55:45 IST" duration-ms="16053">
    <groups>
    </groups>
    <test started-at="2021-10-21T12:55:29 IST" name="Default test" finished-at="2021-10-21T12:55:45 IST" duration-ms="16053">
      <class name="com.bounceadmin.testscript.LogIn">
        <test-method is-config="true" signature="start()[pri:0, instance:com.bounceadmin.testscript.LogIn@59af0466]" started-at="2021-10-21T12:55:21 IST" name="start" finished-at="2021-10-21T12:55:29 IST" duration-ms="7982" status="PASS">
          <reporter-output>
          </reporter-output>
        </test-method> <!-- start -->
        <test-method is-config="true" signature="initialize()[pri:0, instance:com.bounceadmin.testscript.LogIn@59af0466]" started-at="2021-10-21T12:55:29 IST" name="initialize" finished-at="2021-10-21T12:55:30 IST" duration-ms="570" status="PASS">
          <reporter-output>
          </reporter-output>
        </test-method> <!-- initialize -->
        <test-method signature="validLoginAsBounceAdmin()[pri:4, instance:com.bounceadmin.testscript.LogIn@59af0466]" started-at="2021-10-21T12:55:30 IST" name="validLoginAsBounceAdmin" finished-at="2021-10-21T12:55:45 IST" duration-ms="15174" status="PASS">
          <reporter-output>
          </reporter-output>
        </test-method> <!-- validLoginAsBounceAdmin -->
        <test-method is-config="true" signature="testReportResult(org.testng.ITestResult)[pri:0, instance:com.bounceadmin.testscript.LogIn@59af0466]" started-at="2021-10-21T12:55:45 IST" name="testReportResult" finished-at="2021-10-21T12:55:45 IST" duration-ms="253" status="PASS">
          <params>
            <param index="0">
              <value>
                <![CDATA[[TestResult name=validLoginAsBounceAdmin status=SUCCESS method=LogIn.validLoginAsBounceAdmin()[pri:4, instance:com.bounceadmin.testscript.LogIn@59af0466] output={null}]]]>
              </value>
            </param>
          </params>
          <reporter-output>
          </reporter-output>
        </test-method> <!-- testReportResult -->
        <test-method is-config="true" signature="tearDown()[pri:0, instance:com.bounceadmin.testscript.LogIn@59af0466]" started-at="2021-10-21T12:55:45 IST" name="tearDown" finished-at="2021-10-21T12:55:47 IST" duration-ms="2045" status="PASS">
          <reporter-output>
          </reporter-output>
        </test-method> <!-- tearDown -->
      </class> <!-- com.bounceadmin.testscript.LogIn -->
    </test> <!-- Default test -->
  </suite> <!-- Default suite -->
</testng-results>
